<?xml version='1.0'?>
<ns2:test-suite xmlns:ns2='urn:model.allure.qatools.yandex.ru' start='1511954751860' stop='1511954753955'>
    <name>login form</name>
    <title>login form</title>
    <test-cases>
        <test-case start='1511954751862' status='broken' stop='1511954753228'>
            <name>should deny access with wrong creds</name>
            <title>should deny access with wrong creds</title>
            <labels/>
            <parameters>
                <parameter kind='environment-variable' name='capabilities' value='{"maxInstances":5,"browserName":"firefox"}'/>
                <parameter kind='environment-variable' name='spec files' value='["D:\\Rakesh\\TrainingSessions\\webDriverIO\\wdio-web-sample\\test\\login.spec.js"]'/>
            </parameters>
            <steps>
                <step start='1511954751882' status='passed' stop='1511954753099'>
                    <name>POST /wd/hub/session/a9a2953a-eda4-4b19-9c50-9735fd087406/url</name>
                    <title>POST /wd/hub/session/a9a2953a-eda4-4b19-9c50-9735fd087406/url</title>
                    <attachments>
                        <attachment title='Request' source='e41dd40f-bc2f-4e19-934c-cb4b93e036c6-attachment.json' type='application/json' size='42'/>
                        <attachment title='Response' source='cb0d94d1-181d-4dc3-953c-77b36f742ff8-attachment.json' type='application/json' size='160'/>
                    </attachments>
                    <steps/>
                </step>
                <step start='1511954753105' status='passed' stop='1511954753140'>
                    <name>POST /wd/hub/session/a9a2953a-eda4-4b19-9c50-9735fd087406/element</name>
                    <title>POST /wd/hub/session/a9a2953a-eda4-4b19-9c50-9735fd087406/element</title>
                    <attachments>
                        <attachment title='Request' source='574cdbf8-b87d-4533-94b8-f0f424a5f668-attachment.json' type='application/json' size='46'/>
                        <attachment title='Response' source='3576fea0-32e2-48fc-95bb-4ca017fd5200-attachment.json' type='application/json' size='1048'/>
                    </attachments>
                    <steps/>
                </step>
                <step start='1511954753153' status='passed' stop='1511954753217'>
                    <name>GET /wd/hub/session/a9a2953a-eda4-4b19-9c50-9735fd087406/screenshot</name>
                    <title>GET /wd/hub/session/a9a2953a-eda4-4b19-9c50-9735fd087406/screenshot</title>
                    <attachments>
                        <attachment title='Screenshot' source='08bbe5a8-2826-4e01-96b6-1379c82d9188-attachment.png' type='image/png' size='12280'/>
                    </attachments>
                    <steps/>
                </step>
            </steps>
            <attachments/>
            <failure>
                <message>An element could not be located on the page using the given search parameters ("#username").</message>
                <stack-trace>Error: An element could not be located on the page using the given search parameters ("#username").
                    at Object.setValue (D:\Rakesh\TrainingSessions\webDriverIO\wdio-web-sample\node_modules\wdio-sync\build\index.js:353:27)
                    at Context.&lt;anonymous> (D:\Rakesh\TrainingSessions\webDriverIO\wdio-web-sample\test\login.spec.js:8:28)
                    at D:\Rakesh\TrainingSessions\webDriverIO\wdio-web-sample\node_modules\wdio-sync\build\index.js:594:26
                    at Promise.F (D:\Rakesh\TrainingSessions\webDriverIO\wdio-web-sample\node_modules\core-js\library\modules\_export.js:35:28)
                    at Context.executeSync (D:\Rakesh\TrainingSessions\webDriverIO\wdio-web-sample\node_modules\wdio-sync\build\index.js:592:12)
                    at D:\Rakesh\TrainingSessions\webDriverIO\wdio-web-sample\node_modules\wdio-sync\build\index.js:763:42
                    at setValue("foo") -     at D:\Rakesh\TrainingSessions\webDriverIO\wdio-web-sample\node_modules\wdio-sync\build\at Object.wait (D:\Rakesh\TrainingSessions\webDriverIO\wdio-web-sample\node_modules\fibers\future.js:449:15)</stack-trace>
            </failure>
        </test-case>
        <test-case start='1511954753229' status='broken' stop='1511954753953'>
            <name>should allow access with correct creds</name>
            <title>should allow access with correct creds</title>
            <labels/>
            <parameters>
                <parameter kind='environment-variable' name='capabilities' value='{"maxInstances":5,"browserName":"firefox"}'/>
                <parameter kind='environment-variable' name='spec files' value='["D:\\Rakesh\\TrainingSessions\\webDriverIO\\wdio-web-sample\\test\\login.spec.js"]'/>
            </parameters>
            <steps>
                <step start='1511954753232' status='passed' stop='1511954753869'>
                    <name>POST /wd/hub/session/a9a2953a-eda4-4b19-9c50-9735fd087406/url</name>
                    <title>POST /wd/hub/session/a9a2953a-eda4-4b19-9c50-9735fd087406/url</title>
                    <attachments>
                        <attachment title='Request' source='f9faf67a-b109-4c1b-9112-76b7c7367b2e-attachment.json' type='application/json' size='42'/>
                        <attachment title='Response' source='c360986d-65d4-43eb-926a-db260d0cb986-attachment.json' type='application/json' size='160'/>
                    </attachments>
                    <steps/>
                </step>
                <step start='1511954753878' status='passed' stop='1511954753904'>
                    <name>POST /wd/hub/session/a9a2953a-eda4-4b19-9c50-9735fd087406/element</name>
                    <title>POST /wd/hub/session/a9a2953a-eda4-4b19-9c50-9735fd087406/element</title>
                    <attachments>
                        <attachment title='Request' source='d6250b24-b892-405c-b86f-c39a536d96c8-attachment.json' type='application/json' size='46'/>
                        <attachment title='Response' source='ed33af80-e4d2-4fb0-92a8-378c79843d9c-attachment.json' type='application/json' size='1048'/>
                    </attachments>
                    <steps/>
                </step>
                <step start='1511954753910' status='passed' stop='1511954753948'>
                    <name>GET /wd/hub/session/a9a2953a-eda4-4b19-9c50-9735fd087406/screenshot</name>
                    <title>GET /wd/hub/session/a9a2953a-eda4-4b19-9c50-9735fd087406/screenshot</title>
                    <attachments>
                        <attachment title='Screenshot' source='8d7ba644-8050-4804-ba6f-07582fdadf98-attachment.png' type='image/png' size='12238'/>
                    </attachments>
                    <steps/>
                </step>
            </steps>
            <attachments/>
            <failure>
                <message>An element could not be located on the page using the given search parameters ("#username").</message>
                <stack-trace>Error: An element could not be located on the page using the given search parameters ("#username").
                    at Object.setValue (D:\Rakesh\TrainingSessions\webDriverIO\wdio-web-sample\node_modules\wdio-sync\build\index.js:353:27)
                    at Context.&lt;anonymous> (D:\Rakesh\TrainingSessions\webDriverIO\wdio-web-sample\test\login.spec.js:17:28)
                    at D:\Rakesh\TrainingSessions\webDriverIO\wdio-web-sample\node_modules\wdio-sync\build\index.js:594:26
                    at Promise.F (D:\Rakesh\TrainingSessions\webDriverIO\wdio-web-sample\node_modules\core-js\library\modules\_export.js:35:28)
                    at Context.executeSync (D:\Rakesh\TrainingSessions\webDriverIO\wdio-web-sample\node_modules\wdio-sync\build\index.js:592:12)
                    at D:\Rakesh\TrainingSessions\webDriverIO\wdio-web-sample\node_modules\wdio-sync\build\index.js:763:42
                    at setValue("tomsmith") -     at D:\Rakesh\TrainingSessions\webDriverIO\wdio-web-sample\node_modules\wdio-sync\build\at Object.wait (D:\Rakesh\TrainingSessions\webDriverIO\wdio-web-sample\node_modules\fibers\future.js:449:15)</stack-trace>
            </failure>
        </test-case>
    </test-cases>
</ns2:test-suite>