<?xml version='1.0'?>
<ns2:test-suite xmlns:ns2='urn:model.allure.qatools.yandex.ru' start='1511946824797' stop='1511946830313'>
    <name>webdriver.io page</name>
    <title>webdriver.io page</title>
    <test-cases>
        <test-case start='1511946824798' status='failed' stop='1511946830312'>
            <name>should have the right title</name>
            <title>should have the right title</title>
            <labels/>
            <parameters>
                <parameter kind='environment-variable' name='capabilities' value='{"maxInstances":5,"browserName":"firefox"}'/>
                <parameter kind='environment-variable' name='spec files' value='["D:\\Rakesh\\TrainingSessions\\webDriverIO\\wdio-web-sample\\test\\test.js"]'/>
            </parameters>
            <steps>
                <step start='1511946824815' status='passed' stop='1511946830166'>
                    <name>POST /wd/hub/session/46c513f4-d613-4bb6-8b6a-1e0c2e6228af/url</name>
                    <title>POST /wd/hub/session/46c513f4-d613-4bb6-8b6a-1e0c2e6228af/url</title>
                    <attachments>
                        <attachment title='Request' source='c9bb5488-6b52-4225-baa9-23e55af561ee-attachment.json' type='application/json' size='37'/>
                        <attachment title='Response' source='9545c5a1-f7e3-4d8d-806c-8ca2294a275c-attachment.json' type='application/json' size='159'/>
                    </attachments>
                    <steps/>
                </step>
                <step start='1511946830175' status='passed' stop='1511946830255'>
                    <name>GET /wd/hub/session/46c513f4-d613-4bb6-8b6a-1e0c2e6228af/title</name>
                    <title>GET /wd/hub/session/46c513f4-d613-4bb6-8b6a-1e0c2e6228af/title</title>
                    <attachments>
                        <attachment title='Response' source='7308f9f1-f3d1-421f-b5c1-3e2f75bec6f2-attachment.json' type='application/json' size='203'/>
                    </attachments>
                    <steps/>
                </step>
            </steps>
            <attachments/>
            <failure>
                <message>'WebdriverIO - WebDriver bindings for Node.js' == 'webdriverIO - Selenium 2.0 javascript binding for nodejs'</message>
                <stack-trace>AssertionError: 'WebdriverIO - WebDriver bindings for Node.js' == 'webdriverIO - Selenium 2.0 javascript binding for nodejs'
                    at Context.&lt;anonymous> (D:\Rakesh\TrainingSessions\webDriverIO\wdio-web-sample\test\test.js:7:10)
                    at D:\Rakesh\TrainingSessions\webDriverIO\wdio-web-sample\node_modules\wdio-sync\build\index.js:594:26
                    at Promise.F (D:\Rakesh\TrainingSessions\webDriverIO\wdio-web-sample\node_modules\core-js\library\modules\_export.js:35:28)
                    at Context.executeSync (D:\Rakesh\TrainingSessions\webDriverIO\wdio-web-sample\node_modules\wdio-sync\build\index.js:592:12)
                    at D:\Rakesh\TrainingSessions\webDriverIO\wdio-web-sample\node_modules\wdio-sync\build\index.js:763:42</stack-trace>
            </failure>
        </test-case>
    </test-cases>
</ns2:test-suite>